"{": 0
"print": 0
"(": 0
"const": 1
")": 0
";": 0
"int": 0
"identifier": 2
"=": 0
"input": 0
"(": 0
"int": 0
")": 0
";": 0
"print": 0
"(": 0
"const": 3
")": 0
";": 0
"int": 0
"identifier": 4
"=": 0
"input": 0
"(": 0
"int": 0
")": 0
";": 0
"print": 0
"(": 0
"const": 5
")": 0
";": 0
"int": 0
"=": 0
"const": 6
";": 0
"if": 0
"(": 0
"(": 0
"identifier": 2
">": 0
"identifier": 4
")": 0
"and": 0
"(": 0
"identifier": 2
">": 0
"identifier": 7
")": 0
")": 0
"{": 0
"print": 0
"(": 0
"identifier": 2
")": 0
";": 0
"}": 0
"elif": 0
"(": 0
"(": 0
"identifier": 4
">": 0
"identifier": 2
")": 0
"and": 0
"(": 0
"identifier": 4
">": 0
"identifier": 7
")": 0
")": 0
"{": 0
"print": 0
"(": 0
"identifier": 4
")": 0
";": 0
"}": 0
"else": 0
"{": 0
"print": 0
"(": 0
"identifier": 7
")": 0
";": 0
"}": 0
"}": 0