"{": 0
"print": 0
"(": 0
"const": 1
")": 0
";": 0
"int": 0
"identifier": 2
"=": 0
"input": 0
"(": 0
"int": 0
")": 0
";": 0
"int": 0
"identifier": 3
"=": 0
"const": 4
";": 0
"int": 0
"identifier": 5
"=": 0
"const": 6
";": 0
"while": 0
"(": 0
"identifier": 3
"<": 0
"(": 0
"identifier": 2
"/": 0
"const": 4
")": 0
")": 0
"{": 0
"if": 0
"(": 0
"(": 0
"identifier": 2
"%": 0
"identifier": 3
")": 0
"==": 0
"const": 7
")": 0
"{": 0
"identifier": 5
"=": 0
"const": 7
";": 0
"}": 0
"identifier": 3
"=": 0
"identifier": 3
"+": 0
"const": 6
";": 0
"}": 0
"if": 0
"(": 0
"identifier": 5
"==": 0
"const": 6
")": 0
"{": 0
"print": 0
"(": 0
"const": 8
",": 0
"identifier": 2
",": 0
"const": 9
")": 0
";": 0
"}": 0
"else": 0
"{": 0
"print": 0
"(": 0
"const": 8
",": 0
"identifier": 2
",": 0
"const": 10
")": 0
";": 0
"}": 0
"}": 0