"{": 0
"int": 0
"identifier": 1
"[": 0
"const": 2
"]": 0
";": 0
"int": 0
"identifier": 3
"=": 0
"const": 4
";": 0
"int": 0
"identifier": 5
"=": 0
"const": 4
";": 0
"int": 0
"identifier": 6
"=": 0
"const": 4
";": 0
"identifier": 7
"=": 0
"const": 4
";": 0
"int": 0
"identifier": 8
";": 0
"print": 0
"(": 0
"const": 9
",": 0
"identifier": 5
",": 0
"const": 10
")": 0
";": 0
"identifier": 1
"[": 0
"identifier": 5
"]": 0
"=": 0
"input": 0
"(": 0
"int": 0
")": 0
";": 0
"identifier": 5
"=": 0
"identifier": 5
"+": 0
"const": 11
";": 0
"while": 0
"(": 0
"identifier": 1
"[": 0
"identifier": 5
"-": 0
"const": 11
"]": 0
"!=": 0
"const": 12
")": 0
"{": 0
"print": 0
"(": 0
"const": 9
",": 0
"identifier": 5
",": 0
"const": 10
")": 0
";": 0
"identifier": 1
"[": 0
"identifier": 5
"]": 0
"=": 0
"input": 0
"(": 0
"int": 0
")": 0
";": 0
"identifier": 5
"=": 0
"identifier": 5
"+": 0
"const": 11
";": 0
"}": 0
"print": 0
"(": 0
"const": 13
")": 0
";": 0
"identifier": 8
"=": 0
"input": 0
"(": 0
"int": 0
")": 0
";": 0
"while": 0
"(": 0
"(": 0
"identifier": 3
"<": 0
"identifier": 5
")": 0
"and": 0
"(": 0
"identifier": 7
"=": 0
"const": 4
")": 0
")": 0
"{": 0
"if": 0
"(": 0
"identifier": 1
"[": 0
"identifier": 3
"]": 0
"==": 0
"identifier": 8
")": 0
"{": 0
"print": 0
"(": 0
"const": 14
",": 0
"identifier": 3
")": 0
";": 0
"identifier": 7
"=": 0
"const": 11
";": 0
"}": 0
"}": 0
"if": 0
"(": 0
"identifier": 7
"==": 0
"const": 4
")": 0
"{": 0
"print": 0
"(": 0
"const": 15
")": 0
";": 0
"}": 0
"}": 0